NORMAL TERMINATION
NORMAL TERMINATION
NORMAL TERMINATION
NORMAL TERMINATION
NORMAL TERMINATION
NORMAL TERMINATION
NORMAL TERMINATION
NORMAL TERMINATION
NORMAL TERMINATION
NORMAL TERMINATION
NORMAL TERMINATION
NORMAL TERMINATION
NORMAL TERMINATION
NORMAL TERMINATION
NORMAL TERMINATION
NORMAL TERMINATION
NORMAL TERMINATION
NORMAL TERMINATION
NORMAL TERMINATION
NORMAL TERMINATION
NORMAL TERMINATION
NORMAL TERMINATION
NORMAL TERMINATION
NORMAL TERMINATION
NORMAL TERMINATION
NORMAL TERMINATION
NORMAL TERMINATION
NORMAL TERMINATION
NORMAL TERMINATION
NORMAL TERMINATION
NORMAL TERMINATION
NORMAL TERMINATION
NORMAL TERMINATION
NORMAL TERMINATION
NORMAL TERMINATION
NORMAL TERMINATION
NORMAL TERMINATION
NORMAL TERMINATION
NORMAL TERMINATION
NORMAL TERMINATION
NORMAL TERMINATION
NORMAL TERMINATION
NORMAL TERMINATION
NORMAL TERMINATION
/global/work/espent/2177692.stallo-adm.uit.no
total 2656 -rwxr-xr-x 1 espent espent 1209 Sep 2 09:35 adf_example.inp -rw-rw-r-- 1 espent espent 647168 Sep 2 09:35 t21.N -rw-rw-r-- 1 espent espent 532480 Sep 2 09:35 t21.H -rw-rw-r-- 1 espent espent 647168 Sep 2 09:35 t21.O -rw-rw-r-- 1 espent espent 647168 Sep 2 09:35 t21.C -rw-rw-r-- 1 espent espent 238127 Sep 2 09:54 logfile
Job finished at
Tue Sep  2 09:54:55 CEST 2014
